Using pre-set license
Built from '2020.3/staging' branch; Version is '2020.3.14f1 (d0d1bb862f9d) revision 13685179'; Using compiler version '192528614'; Build Type 'Release'
OS: 'Windows 10 Pro; OS build 22000.376; Version 2009; 64bit' Language: 'zh' Physical Memory: 16312 MB
BatchMode: 1, IsHumanControllingUs: 0, StartBugReporterOnCrash: 0, Is64bit: 1, IsPro: 0

 COMMAND LINE ARGUMENTS:
G:\GAMES\2020.3.14f1\Editor\Unity.exe
-adb2
-batchMode
-noUpm
-name
AssetImportWorker0
-projectPath
C:/Users/陈浩祯/Desktop/1/P3d
-logFile
Logs/AssetImportWorker0.log
-srvPort
64704
Successfully changed project path to: C:/Users/陈浩祯/Desktop/1/P3d
C:/Users/陈浩祯/Desktop/1/P3d
Using Asset Import Pipeline V2.
Refreshing native plugins compatible for Editor in 73.45 ms, found 2 plugins.
Preloading 0 native plugins for Editor in 0.00 ms.
Initialize engine version: 2020.3.14f1 (d0d1bb862f9d)
[Subsystems] Discovering subsystems at path G:/GAMES/2020.3.14f1/Editor/Data/Resources/UnitySubsystems
[Subsystems] Discovering subsystems at path C:/Users/陈浩祯/Desktop/1/P3d/Assets
GfxDevice: creating device client; threaded=0
Direct3D:
    Version:  Direct3D 11.0 [level 11.1]
    Renderer: NVIDIA GeForce RTX 2080 (ID=0x1e87)
    Vendor:   
    VRAM:     8011 MB
    Driver:   30.0.15.1010
Initialize mono
Mono path[0] = 'G:/GAMES/2020.3.14f1/Editor/Data/Managed'
Mono path[1] = 'G:/GAMES/2020.3.14f1/Editor/Data/MonoBleedingEdge/lib/mono/unityjit'
Mono config path = 'G:/GAMES/2020.3.14f1/Editor/Data/MonoBleedingEdge/etc'
Using monoOptions --debugger-agent=transport=dt_socket,embedding=1,server=y,suspend=n,address=127.0.0.1:56128
Begin MonoManager ReloadAssembly
Registering precompiled unity dll's ...
Register platform support module: G:/GAMES/2020.3.14f1/Editor/Data/PlaybackEngines/WebGLSupport/UnityEditor.WebGL.Extensions.dll
Register platform support module: G:/GAMES/2020.3.14f1/Editor/Data/PlaybackEngines/WindowsStandaloneSupport/UnityEditor.WindowsStandalone.Extensions.dll
Registered in 0.001053 seconds.
Native extension for WindowsStandalone target not found
Native extension for WebGL target not found
Refreshing native plugins compatible for Editor in 82.55 ms, found 2 plugins.
Preloading 0 native plugins for Editor in 0.00 ms.
Mono: successfully reloaded assembly
- Completed reload, in  1.339 seconds
Domain Reload Profiling:
	ReloadAssembly (1339ms)
		BeginReloadAssembly (49ms)
			ExecutionOrderSort (0ms)
			DisableScriptedObjects (0ms)
			BackupInstance (0ms)
			ReleaseScriptingObjects (0ms)
			CreateAndSetChildDomain (1ms)
		EndReloadAssembly (521ms)
			LoadAssemblies (49ms)
			RebuildTransferFunctionScriptingTraits (0ms)
			SetupTypeCache (174ms)
			ReleaseScriptCaches (0ms)
			RebuildScriptCaches (39ms)
			SetupLoadedEditorAssemblies (223ms)
				LogAssemblyErrors (0ms)
				InitializePlatformSupportModulesInManaged (5ms)
				SetLoadedEditorAssemblies (0ms)
				RefreshPlugins (83ms)
				BeforeProcessingInitializeOnLoad (14ms)
				ProcessInitializeOnLoadAttributes (92ms)
				ProcessInitializeOnLoadMethodAttributes (29ms)
				AfterProcessingInitializeOnLoad (0ms)
				EditorAssembliesLoaded (0ms)
			ExecutionOrderSort2 (0ms)
			AwakeInstancesAfterBackupRestoration (0ms)
Platform modules already initialized, skipping
Registering precompiled user dll's ...
Registered in 0.007793 seconds.
Begin MonoManager ReloadAssembly
Native extension for WindowsStandalone target not found
Native extension for WebGL target not found
Refreshing native plugins compatible for Editor in 0.82 ms, found 2 plugins.
Preloading 0 native plugins for Editor in 0.00 ms.
Mono: successfully reloaded assembly
- Completed reload, in  1.226 seconds
Domain Reload Profiling:
	ReloadAssembly (1227ms)
		BeginReloadAssembly (157ms)
			ExecutionOrderSort (0ms)
			DisableScriptedObjects (5ms)
			BackupInstance (0ms)
			ReleaseScriptingObjects (0ms)
			CreateAndSetChildDomain (18ms)
		EndReloadAssembly (1004ms)
			LoadAssemblies (89ms)
			RebuildTransferFunctionScriptingTraits (0ms)
			SetupTypeCache (308ms)
			ReleaseScriptCaches (0ms)
			RebuildScriptCaches (61ms)
			SetupLoadedEditorAssemblies (445ms)
				LogAssemblyErrors (0ms)
				InitializePlatformSupportModulesInManaged (7ms)
				SetLoadedEditorAssemblies (0ms)
				RefreshPlugins (1ms)
				BeforeProcessingInitializeOnLoad (97ms)
				ProcessInitializeOnLoadAttributes (334ms)
				ProcessInitializeOnLoadMethodAttributes (4ms)
				AfterProcessingInitializeOnLoad (2ms)
				EditorAssembliesLoaded (0ms)
			ExecutionOrderSort2 (0ms)
			AwakeInstancesAfterBackupRestoration (7ms)
Platform modules already initialized, skipping
========================================================================
Worker process is ready to serve import requests
Launched and connected shader compiler UnityShaderCompiler.exe after 0.06 seconds
Refreshing native plugins compatible for Editor in 1.23 ms, found 2 plugins.
Preloading 0 native plugins for Editor in 0.00 ms.
Unloading 1819 Unused Serialized files (Serialized files now loaded: 0)
System memory in use before: 163.0 MB.
System memory in use after: 163.1 MB.

Unloading 87 unused Assets to reduce memory usage. Loaded Objects now: 2254.
Total: 3.567300 ms (FindLiveObjects: 0.276800 ms CreateObjectMapping: 0.057900 ms MarkObjects: 2.966400 ms  DeleteObjects: 0.265200 ms)

AssetImportParameters requested are different than current active one (requested -> active):
  custom:framework-win-MediaFoundation: 216162199b28c13a410421893ffa2e32 -> 
  custom:video-decoder-ogg-theora: a1e56fd34408186e4bbccfd4996cb3dc -> 
  custom:container-muxer-webm: aa71ff27fc2769a1b78a27578f13a17b -> 
  custom:container-demuxer-webm: 4f35f7cbe854078d1ac9338744f61a02 -> 
  custom:container-demuxer-ogg: 62fdf1f143b41e24485cea50d1cbac27 -> 
  custom:video-encoder-webm-vp8: eb34c28f22e8b96e1ab97ce403110664 -> 
  custom:video-codec-MediaFoundation-h265: 746d11721c4dcdbdad8f713fa42b33f4 -> 
  custom:video-decoder-webm-vp8: 9c59270c3fd7afecdb556c50c9e8de78 -> 
  custom:audio-decoder-ogg-vorbis: bf7c407c2cedff20999df2af8eb42d56 -> 
  custom:audio-encoder-webm-vorbis: bf7c407c2cedff20999df2af8eb42d56 -> 
========================================================================
Received Import Request.
  path: Assets/amusedART/Mummy_Mon/Mummy_Mon.FBX
  artifactKey: Guid(3353e4f866c39d043a315b41717c9bb7) Importer(815301076,1909f56bfc062723c751e8b465ee728b)
Start importing Assets/amusedART/Mummy_Mon/Mummy_Mon.FBX using Guid(3353e4f866c39d043a315b41717c9bb7) Importer(815301076,1909f56bfc062723c751e8b465ee728b)  -> (artifact id: '76a52bd485abc1dfaefdecdbdc13acbe') in 0.275723 seconds 
  Import took 0.280625 seconds .

========================================================================
Received Import Request.
  Time since last request: 0.004496 seconds.
  path: Assets/amusedART/Mummy_Mon/Mummy_Mon.FBX
  artifactKey: Guid(3353e4f866c39d043a315b41717c9bb7) Importer(815301076,1909f56bfc062723c751e8b465ee728b)
Start importing Assets/amusedART/Mummy_Mon/Mummy_Mon.FBX using Guid(3353e4f866c39d043a315b41717c9bb7) Importer(815301076,1909f56bfc062723c751e8b465ee728b)  -> (artifact id: '76a52bd485abc1dfaefdecdbdc13acbe') in 0.083030 seconds 
  Import took 0.086351 seconds .

========================================================================
Received Import Request.
  Time since last request: 4.182073 seconds.
  path: Assets/amusedART/Mummy_Mon
  artifactKey: Guid(6303da82256146948bb8d5f5d6a83232) Importer(815301076,1909f56bfc062723c751e8b465ee728b)
Start importing Assets/amusedART/Mummy_Mon using Guid(6303da82256146948bb8d5f5d6a83232) Importer(815301076,1909f56bfc062723c751e8b465ee728b)  -> (artifact id: '586905e772975a80e2fff0fa51e91a95') in 0.003266 seconds 
  Import took 0.007838 seconds .

========================================================================
Received Import Request.
  Time since last request: 0.005720 seconds.
  path: Assets/amusedART/Mummy_Mon
  artifactKey: Guid(6303da82256146948bb8d5f5d6a83232) Importer(815301076,1909f56bfc062723c751e8b465ee728b)
Start importing Assets/amusedART/Mummy_Mon using Guid(6303da82256146948bb8d5f5d6a83232) Importer(815301076,1909f56bfc062723c751e8b465ee728b)  -> (artifact id: '586905e772975a80e2fff0fa51e91a95') in 0.003201 seconds 
  Import took 0.006186 seconds .

========================================================================
Received Import Request.
  Time since last request: 8.249652 seconds.
  path: Assets/amusedART/Mummy_Mon/Mummy_Anim.controller
  artifactKey: Guid(ad8c5523f2b576b418ee719654ad4604) Importer(815301076,1909f56bfc062723c751e8b465ee728b)
Start importing Assets/amusedART/Mummy_Mon/Mummy_Anim.controller using Guid(ad8c5523f2b576b418ee719654ad4604) Importer(815301076,1909f56bfc062723c751e8b465ee728b)  -> (artifact id: '522c3e70f5b95df0242b5eff6f7384f7') in 0.014869 seconds 
  Import took 0.019177 seconds .

========================================================================
Received Import Request.
  Time since last request: 12.045573 seconds.
  path: Assets/amusedART/Mummy_Mon/Textures
  artifactKey: Guid(2a34e301e469d0a4894bf96ea2de1b3b) Importer(815301076,1909f56bfc062723c751e8b465ee728b)
Start importing Assets/amusedART/Mummy_Mon/Textures using Guid(2a34e301e469d0a4894bf96ea2de1b3b) Importer(815301076,1909f56bfc062723c751e8b465ee728b)  -> (artifact id: '44946464460190f12637a390a4975cd4') in 0.012113 seconds 
  Import took 0.015398 seconds .

========================================================================
Received Import Request.
  Time since last request: 0.583858 seconds.
  path: Assets/amusedART/Mummy_Mon/Scene
  artifactKey: Guid(308552e5f79803d41937af3b9e269bd8) Importer(815301076,1909f56bfc062723c751e8b465ee728b)
Start importing Assets/amusedART/Mummy_Mon/Scene using Guid(308552e5f79803d41937af3b9e269bd8) Importer(815301076,1909f56bfc062723c751e8b465ee728b)  -> (artifact id: '968b4fcfc98826ca49ee32dec69c9737') in 0.008775 seconds 
  Import took 0.013391 seconds .

========================================================================
Received Import Request.
  Time since last request: 2.023658 seconds.
  path: Assets/amusedART/Mummy_Mon/Scene/Test_Scene.unity
  artifactKey: Guid(7de1c1375ce5d4c4e98e0a87aae429fb) Importer(815301076,1909f56bfc062723c751e8b465ee728b)
Start importing Assets/amusedART/Mummy_Mon/Scene/Test_Scene.unity using Guid(7de1c1375ce5d4c4e98e0a87aae429fb) Importer(815301076,1909f56bfc062723c751e8b465ee728b)  -> (artifact id: '40f5d3ec5476e16dc5c94ad146601b9d') in 0.009495 seconds 
  Import took 0.012922 seconds .

========================================================================
Received Import Request.
  Time since last request: 2.422478 seconds.
  path: Assets/amusedART/Mummy_Mon/Materials/Ground.mat
  artifactKey: Guid(8746c89e6f8a63c4a93816e9b5d4e029) Importer(815301076,1909f56bfc062723c751e8b465ee728b)
Start importing Assets/amusedART/Mummy_Mon/Materials/Ground.mat using Guid(8746c89e6f8a63c4a93816e9b5d4e029) Importer(815301076,1909f56bfc062723c751e8b465ee728b)  -> (artifact id: '0c2475b669a7a3ca37aaf18f31d6f187') in 0.019124 seconds 
  Import took 0.022580 seconds .

========================================================================
Received Import Request.
  Time since last request: 0.000190 seconds.
  path: Assets/amusedART/Mummy_Mon/Materials/Mummy_mat.mat
  artifactKey: Guid(30a9f5c8ac6483249a92e09c302f96f9) Importer(815301076,1909f56bfc062723c751e8b465ee728b)
Start importing Assets/amusedART/Mummy_Mon/Materials/Mummy_mat.mat using Guid(30a9f5c8ac6483249a92e09c302f96f9) Importer(815301076,1909f56bfc062723c751e8b465ee728b)  -> (artifact id: '78dd430e0e167317ed569b56e53ef36a') in 0.294469 seconds 
  Import took 0.297747 seconds .

========================================================================
Received Import Request.
  Time since last request: 0.000212 seconds.
  path: Assets/amusedART/Mummy_Mon/Materials/Mummy_Eye_mat.mat
  artifactKey: Guid(d5295d819f7bab6448e2c64c4707429e) Importer(815301076,1909f56bfc062723c751e8b465ee728b)
Start importing Assets/amusedART/Mummy_Mon/Materials/Mummy_Eye_mat.mat using Guid(d5295d819f7bab6448e2c64c4707429e) Importer(815301076,1909f56bfc062723c751e8b465ee728b)  -> (artifact id: 'e931ebb342132fa047ea31b35f6d0848') in 0.131308 seconds 
  Import took 0.134594 seconds .

========================================================================
Received Prepare
Registering precompiled user dll's ...
Registered in 0.007168 seconds.
Begin MonoManager ReloadAssembly
Native extension for WindowsStandalone target not found
Native extension for WebGL target not found
Refreshing native plugins compatible for Editor in 0.78 ms, found 2 plugins.
Preloading 0 native plugins for Editor in 0.00 ms.
Mono: successfully reloaded assembly
- Completed reload, in  1.135 seconds
Domain Reload Profiling:
	ReloadAssembly (1135ms)
		BeginReloadAssembly (111ms)
			ExecutionOrderSort (0ms)
			DisableScriptedObjects (5ms)
			BackupInstance (0ms)
			ReleaseScriptingObjects (0ms)
			CreateAndSetChildDomain (32ms)
		EndReloadAssembly (963ms)
			LoadAssemblies (86ms)
			RebuildTransferFunctionScriptingTraits (0ms)
			SetupTypeCache (285ms)
			ReleaseScriptCaches (1ms)
			RebuildScriptCaches (64ms)
			SetupLoadedEditorAssemblies (420ms)
				LogAssemblyErrors (0ms)
				InitializePlatformSupportModulesInManaged (6ms)
				SetLoadedEditorAssemblies (0ms)
				RefreshPlugins (1ms)
				BeforeProcessingInitializeOnLoad (98ms)
				ProcessInitializeOnLoadAttributes (308ms)
				ProcessInitializeOnLoadMethodAttributes (3ms)
				AfterProcessingInitializeOnLoad (2ms)
				EditorAssembliesLoaded (0ms)
			ExecutionOrderSort2 (0ms)
			AwakeInstancesAfterBackupRestoration (7ms)
Platform modules already initialized, skipping
Refreshing native plugins compatible for Editor in 0.92 ms, found 2 plugins.
Preloading 0 native plugins for Editor in 0.00 ms.
Unloading 1790 Unused Serialized files (Serialized files now loaded: 0)
System memory in use before: 178.1 MB.
System memory in use after: 178.1 MB.

Unloading 82 unused Assets to reduce memory usage. Loaded Objects now: 2302.
Total: 3.887000 ms (FindLiveObjects: 0.345800 ms CreateObjectMapping: 0.069100 ms MarkObjects: 3.248500 ms  DeleteObjects: 0.222100 ms)

AssetImportParameters requested are different than current active one (requested -> active):
  custom:framework-win-MediaFoundation: 216162199b28c13a410421893ffa2e32 -> 
  custom:video-decoder-ogg-theora: a1e56fd34408186e4bbccfd4996cb3dc -> 
  custom:container-muxer-webm: aa71ff27fc2769a1b78a27578f13a17b -> 
  custom:container-demuxer-webm: 4f35f7cbe854078d1ac9338744f61a02 -> 
  custom:container-demuxer-ogg: 62fdf1f143b41e24485cea50d1cbac27 -> 
  custom:video-encoder-webm-vp8: eb34c28f22e8b96e1ab97ce403110664 -> 
  custom:video-codec-MediaFoundation-h265: 746d11721c4dcdbdad8f713fa42b33f4 -> 
  custom:video-decoder-webm-vp8: 9c59270c3fd7afecdb556c50c9e8de78 -> 
  custom:audio-decoder-ogg-vorbis: bf7c407c2cedff20999df2af8eb42d56 -> 
  custom:audio-encoder-webm-vorbis: bf7c407c2cedff20999df2af8eb42d56 -> 
========================================================================
Received Import Request.
  Time since last request: 186.994969 seconds.
  path: Assets/Scripts/Enemy control.cs
  artifactKey: Guid(cb3c22e6ddf03b5439b471571f9168da) Importer(815301076,1909f56bfc062723c751e8b465ee728b)
Start importing Assets/Scripts/Enemy control.cs using Guid(cb3c22e6ddf03b5439b471571f9168da) Importer(815301076,1909f56bfc062723c751e8b465ee728b)  -> (artifact id: '017ed3e4aaf9d24c54f1ed320f85b17b') in 0.014864 seconds 
  Import took 0.018698 seconds .

========================================================================
Received Prepare
Registering precompiled user dll's ...
Registered in 0.007133 seconds.
Begin MonoManager ReloadAssembly
Native extension for WindowsStandalone target not found
Native extension for WebGL target not found
Refreshing native plugins compatible for Editor in 0.83 ms, found 2 plugins.
Preloading 0 native plugins for Editor in 0.00 ms.
Mono: successfully reloaded assembly
- Completed reload, in  1.191 seconds
Domain Reload Profiling:
	ReloadAssembly (1191ms)
		BeginReloadAssembly (125ms)
			ExecutionOrderSort (0ms)
			DisableScriptedObjects (5ms)
			BackupInstance (0ms)
			ReleaseScriptingObjects (0ms)
			CreateAndSetChildDomain (33ms)
		EndReloadAssembly (990ms)
			LoadAssemblies (91ms)
			RebuildTransferFunctionScriptingTraits (0ms)
			SetupTypeCache (303ms)
			ReleaseScriptCaches (2ms)
			RebuildScriptCaches (65ms)
			SetupLoadedEditorAssemblies (425ms)
				LogAssemblyErrors (0ms)
				InitializePlatformSupportModulesInManaged (6ms)
				SetLoadedEditorAssemblies (0ms)
				RefreshPlugins (1ms)
				BeforeProcessingInitializeOnLoad (100ms)
				ProcessInitializeOnLoadAttributes (312ms)
				ProcessInitializeOnLoadMethodAttributes (4ms)
				AfterProcessingInitializeOnLoad (2ms)
				EditorAssembliesLoaded (0ms)
			ExecutionOrderSort2 (0ms)
			AwakeInstancesAfterBackupRestoration (7ms)
Platform modules already initialized, skipping
Refreshing native plugins compatible for Editor in 1.08 ms, found 2 plugins.
Preloading 0 native plugins for Editor in 0.00 ms.
Unloading 1791 Unused Serialized files (Serialized files now loaded: 0)
System memory in use before: 178.1 MB.
System memory in use after: 178.2 MB.

Unloading 82 unused Assets to reduce memory usage. Loaded Objects now: 2306.
Total: 3.197700 ms (FindLiveObjects: 0.266700 ms CreateObjectMapping: 0.065300 ms MarkObjects: 2.651000 ms  DeleteObjects: 0.213400 ms)

AssetImportParameters requested are different than current active one (requested -> active):
  custom:framework-win-MediaFoundation: 216162199b28c13a410421893ffa2e32 -> 
  custom:video-decoder-ogg-theora: a1e56fd34408186e4bbccfd4996cb3dc -> 
  custom:container-muxer-webm: aa71ff27fc2769a1b78a27578f13a17b -> 
  custom:container-demuxer-webm: 4f35f7cbe854078d1ac9338744f61a02 -> 
  custom:container-demuxer-ogg: 62fdf1f143b41e24485cea50d1cbac27 -> 
  custom:video-encoder-webm-vp8: eb34c28f22e8b96e1ab97ce403110664 -> 
  custom:video-codec-MediaFoundation-h265: 746d11721c4dcdbdad8f713fa42b33f4 -> 
  custom:video-decoder-webm-vp8: 9c59270c3fd7afecdb556c50c9e8de78 -> 
  custom:audio-decoder-ogg-vorbis: bf7c407c2cedff20999df2af8eb42d56 -> 
  custom:audio-encoder-webm-vorbis: bf7c407c2cedff20999df2af8eb42d56 -> 
========================================================================
Received Import Request.
  Time since last request: 12.401371 seconds.
  path: Assets/Scripts/EnemyControl.cs
  artifactKey: Guid(cb3c22e6ddf03b5439b471571f9168da) Importer(815301076,1909f56bfc062723c751e8b465ee728b)
Start importing Assets/Scripts/EnemyControl.cs using Guid(cb3c22e6ddf03b5439b471571f9168da) Importer(815301076,1909f56bfc062723c751e8b465ee728b)  -> (artifact id: '6263ebe2662d88a190d05d32fa36d42b') in 0.012674 seconds 
  Import took 0.016482 seconds .

========================================================================
Received Prepare
Registering precompiled user dll's ...
Registered in 0.007063 seconds.
Begin MonoManager ReloadAssembly
Native extension for WindowsStandalone target not found
Native extension for WebGL target not found
Refreshing native plugins compatible for Editor in 0.83 ms, found 2 plugins.
Preloading 0 native plugins for Editor in 0.00 ms.
Mono: successfully reloaded assembly
- Completed reload, in  1.196 seconds
Domain Reload Profiling:
	ReloadAssembly (1197ms)
		BeginReloadAssembly (121ms)
			ExecutionOrderSort (0ms)
			DisableScriptedObjects (7ms)
			BackupInstance (0ms)
			ReleaseScriptingObjects (0ms)
			CreateAndSetChildDomain (34ms)
		EndReloadAssembly (989ms)
			LoadAssemblies (98ms)
			RebuildTransferFunctionScriptingTraits (0ms)
			SetupTypeCache (315ms)
			ReleaseScriptCaches (1ms)
			RebuildScriptCaches (65ms)
			SetupLoadedEditorAssemblies (401ms)
				LogAssemblyErrors (0ms)
				InitializePlatformSupportModulesInManaged (6ms)
				SetLoadedEditorAssemblies (0ms)
				RefreshPlugins (1ms)
				BeforeProcessingInitializeOnLoad (94ms)
				ProcessInitializeOnLoadAttributes (289ms)
				ProcessInitializeOnLoadMethodAttributes (6ms)
				AfterProcessingInitializeOnLoad (3ms)
				EditorAssembliesLoaded (0ms)
			ExecutionOrderSort2 (0ms)
			AwakeInstancesAfterBackupRestoration (9ms)
Platform modules already initialized, skipping
Refreshing native plugins compatible for Editor in 1.44 ms, found 2 plugins.
Preloading 0 native plugins for Editor in 0.00 ms.
Unloading 1791 Unused Serialized files (Serialized files now loaded: 0)
System memory in use before: 178.1 MB.
System memory in use after: 178.2 MB.

Unloading 82 unused Assets to reduce memory usage. Loaded Objects now: 2309.
Total: 3.103600 ms (FindLiveObjects: 0.271800 ms CreateObjectMapping: 0.055500 ms MarkObjects: 2.553200 ms  DeleteObjects: 0.221700 ms)

AssetImportParameters requested are different than current active one (requested -> active):
  custom:framework-win-MediaFoundation: 216162199b28c13a410421893ffa2e32 -> 
  custom:video-decoder-ogg-theora: a1e56fd34408186e4bbccfd4996cb3dc -> 
  custom:container-muxer-webm: aa71ff27fc2769a1b78a27578f13a17b -> 
  custom:container-demuxer-webm: 4f35f7cbe854078d1ac9338744f61a02 -> 
  custom:container-demuxer-ogg: 62fdf1f143b41e24485cea50d1cbac27 -> 
  custom:video-encoder-webm-vp8: eb34c28f22e8b96e1ab97ce403110664 -> 
  custom:video-codec-MediaFoundation-h265: 746d11721c4dcdbdad8f713fa42b33f4 -> 
  custom:video-decoder-webm-vp8: 9c59270c3fd7afecdb556c50c9e8de78 -> 
  custom:audio-decoder-ogg-vorbis: bf7c407c2cedff20999df2af8eb42d56 -> 
  custom:audio-encoder-webm-vorbis: bf7c407c2cedff20999df2af8eb42d56 -> 
========================================================================
Received Import Request.
  Time since last request: 352.764771 seconds.
  path: Assets/Scripts/Auto.cs
  artifactKey: Guid(cacfc13f0bd8e5349bdf228c5be76cd7) Importer(815301076,1909f56bfc062723c751e8b465ee728b)
Start importing Assets/Scripts/Auto.cs using Guid(cacfc13f0bd8e5349bdf228c5be76cd7) Importer(815301076,1909f56bfc062723c751e8b465ee728b)  -> (artifact id: 'b404bdc24b1c0ea979e8f88c48b5634f') in 0.026779 seconds 
  Import took 0.039871 seconds .

========================================================================
Received Import Request.
  Time since last request: 9.536451 seconds.
  path: Assets/Scripts/AudioManage.cs
  artifactKey: Guid(cacfc13f0bd8e5349bdf228c5be76cd7) Importer(815301076,1909f56bfc062723c751e8b465ee728b)
Start importing Assets/Scripts/AudioManage.cs using Guid(cacfc13f0bd8e5349bdf228c5be76cd7) Importer(815301076,1909f56bfc062723c751e8b465ee728b)  -> (artifact id: '26cd8831b2f7d02369aa975e8a8a910c') in 0.013428 seconds 
  Import took 0.019043 seconds .

========================================================================
Received Import Request.
  Time since last request: 106.094544 seconds.
  path: Assets/Scripts/NewBehaviourScript.cs
  artifactKey: Guid(10592950faf1bbb4ab72c11442180e7d) Importer(815301076,1909f56bfc062723c751e8b465ee728b)
Start importing Assets/Scripts/NewBehaviourScript.cs using Guid(10592950faf1bbb4ab72c11442180e7d) Importer(815301076,1909f56bfc062723c751e8b465ee728b)  -> (artifact id: 'f5e39c73ac8e782daaf90116dbf89501') in 0.011297 seconds 
  Import took 0.014769 seconds .

========================================================================
Received Import Request.
  Time since last request: 9.108699 seconds.
  path: Assets/Scripts/AttackSc.cs
  artifactKey: Guid(10592950faf1bbb4ab72c11442180e7d) Importer(815301076,1909f56bfc062723c751e8b465ee728b)
Start importing Assets/Scripts/AttackSc.cs using Guid(10592950faf1bbb4ab72c11442180e7d) Importer(815301076,1909f56bfc062723c751e8b465ee728b)  -> (artifact id: '57d0395c67a1f11a2ae76fdbe4d89352') in 0.003993 seconds 
  Import took 0.007426 seconds .

========================================================================
Received Import Request.
  Time since last request: 195.313896 seconds.
  path: Assets/Scripts/NewBehaviourScript.cs
  artifactKey: Guid(761ff60ab6ca02e4f9feb190fcdc53b0) Importer(815301076,1909f56bfc062723c751e8b465ee728b)
Start importing Assets/Scripts/NewBehaviourScript.cs using Guid(761ff60ab6ca02e4f9feb190fcdc53b0) Importer(815301076,1909f56bfc062723c751e8b465ee728b)  -> (artifact id: '72e6ae96ad20b5ec86b0432975d13f94') in 0.003502 seconds 
  Import took 0.008191 seconds .

========================================================================
Received Import Request.
  Time since last request: 11.068906 seconds.
  path: Assets/Scripts/PlayerControl.cs
  artifactKey: Guid(761ff60ab6ca02e4f9feb190fcdc53b0) Importer(815301076,1909f56bfc062723c751e8b465ee728b)
Start importing Assets/Scripts/PlayerControl.cs using Guid(761ff60ab6ca02e4f9feb190fcdc53b0) Importer(815301076,1909f56bfc062723c751e8b465ee728b)  -> (artifact id: '6b269f5933a82ee03c51c55728170969') in 0.009936 seconds 
  Import took 0.013581 seconds .

========================================================================
Received Import Request.
  Time since last request: 370.025744 seconds.
  path: Assets/Scripts/PlayerControl.cs
  artifactKey: Guid(761ff60ab6ca02e4f9feb190fcdc53b0) Importer(815301076,1909f56bfc062723c751e8b465ee728b)
Start importing Assets/Scripts/PlayerControl.cs using Guid(761ff60ab6ca02e4f9feb190fcdc53b0) Importer(815301076,1909f56bfc062723c751e8b465ee728b)  -> (artifact id: '808f0845d1306c5d0ec44a48843e2379') in 0.003967 seconds 
  Import took 0.007685 seconds .

========================================================================
Received Import Request.
  Time since last request: 0.003714 seconds.
  path: Assets/Scripts/PlayerControl.cs
  artifactKey: Guid(761ff60ab6ca02e4f9feb190fcdc53b0) Importer(815301076,1909f56bfc062723c751e8b465ee728b)
Start importing Assets/Scripts/PlayerControl.cs using Guid(761ff60ab6ca02e4f9feb190fcdc53b0) Importer(815301076,1909f56bfc062723c751e8b465ee728b)  -> (artifact id: '808f0845d1306c5d0ec44a48843e2379') in 0.003430 seconds 
  Import took 0.006664 seconds .

========================================================================
Received Import Request.
  Time since last request: 7.347189 seconds.
  path: Assets/Scripts/EnemyControl.cs
  artifactKey: Guid(cb3c22e6ddf03b5439b471571f9168da) Importer(815301076,1909f56bfc062723c751e8b465ee728b)
Start importing Assets/Scripts/EnemyControl.cs using Guid(cb3c22e6ddf03b5439b471571f9168da) Importer(815301076,1909f56bfc062723c751e8b465ee728b)  -> (artifact id: 'afb0941cc03b31428784d3667aeb942b') in 0.004233 seconds 
  Import took 0.008005 seconds .

========================================================================
Received Import Request.
  Time since last request: 0.003815 seconds.
  path: Assets/Scripts/EnemyControl.cs
  artifactKey: Guid(cb3c22e6ddf03b5439b471571f9168da) Importer(815301076,1909f56bfc062723c751e8b465ee728b)
Start importing Assets/Scripts/EnemyControl.cs using Guid(cb3c22e6ddf03b5439b471571f9168da) Importer(815301076,1909f56bfc062723c751e8b465ee728b)  -> (artifact id: 'afb0941cc03b31428784d3667aeb942b') in 0.003928 seconds 
  Import took 0.007988 seconds .

========================================================================
Received Import Request.
  Time since last request: 5.576249 seconds.
  path: Assets/Scripts/AudioManage.cs
  artifactKey: Guid(cacfc13f0bd8e5349bdf228c5be76cd7) Importer(815301076,1909f56bfc062723c751e8b465ee728b)
Start importing Assets/Scripts/AudioManage.cs using Guid(cacfc13f0bd8e5349bdf228c5be76cd7) Importer(815301076,1909f56bfc062723c751e8b465ee728b)  -> (artifact id: '91a476ec6c5009650fd546bc347356dd') in 0.004037 seconds 
  Import took 0.008303 seconds .

========================================================================
Received Import Request.
  Time since last request: 0.003697 seconds.
  path: Assets/Scripts/AudioManage.cs
  artifactKey: Guid(cacfc13f0bd8e5349bdf228c5be76cd7) Importer(815301076,1909f56bfc062723c751e8b465ee728b)
Start importing Assets/Scripts/AudioManage.cs using Guid(cacfc13f0bd8e5349bdf228c5be76cd7) Importer(815301076,1909f56bfc062723c751e8b465ee728b)  -> (artifact id: '91a476ec6c5009650fd546bc347356dd') in 0.005481 seconds 
  Import took 0.009903 seconds .

========================================================================
Received Import Request.
  Time since last request: 3.939092 seconds.
  path: Assets/Scripts/AttackSc.cs
  artifactKey: Guid(10592950faf1bbb4ab72c11442180e7d) Importer(815301076,1909f56bfc062723c751e8b465ee728b)
Start importing Assets/Scripts/AttackSc.cs using Guid(10592950faf1bbb4ab72c11442180e7d) Importer(815301076,1909f56bfc062723c751e8b465ee728b)  -> (artifact id: '605eb3a85d1b629f1c0e2fb3f69f59a0') in 0.012134 seconds 
  Import took 0.016011 seconds .

========================================================================
Received Import Request.
  Time since last request: 0.000657 seconds.
  path: Assets/Scripts/AttackSc.cs
  artifactKey: Guid(10592950faf1bbb4ab72c11442180e7d) Importer(815301076,1909f56bfc062723c751e8b465ee728b)
Start importing Assets/Scripts/AttackSc.cs using Guid(10592950faf1bbb4ab72c11442180e7d) Importer(815301076,1909f56bfc062723c751e8b465ee728b)  -> (artifact id: '605eb3a85d1b629f1c0e2fb3f69f59a0') in 0.003777 seconds 
  Import took 0.007954 seconds .

========================================================================
Received Prepare
Registering precompiled user dll's ...
Registered in 0.010350 seconds.
Begin MonoManager ReloadAssembly
Native extension for WindowsStandalone target not found
Native extension for WebGL target not found
Refreshing native plugins compatible for Editor in 1.21 ms, found 2 plugins.
Preloading 0 native plugins for Editor in 0.00 ms.
Mono: successfully reloaded assembly
- Completed reload, in  1.144 seconds
Domain Reload Profiling:
	ReloadAssembly (1145ms)
		BeginReloadAssembly (129ms)
			ExecutionOrderSort (0ms)
			DisableScriptedObjects (5ms)
			BackupInstance (0ms)
			ReleaseScriptingObjects (0ms)
			CreateAndSetChildDomain (40ms)
		EndReloadAssembly (955ms)
			LoadAssemblies (86ms)
			RebuildTransferFunctionScriptingTraits (0ms)
			SetupTypeCache (285ms)
			ReleaseScriptCaches (1ms)
			RebuildScriptCaches (62ms)
			SetupLoadedEditorAssemblies (408ms)
				LogAssemblyErrors (0ms)
				InitializePlatformSupportModulesInManaged (14ms)
				SetLoadedEditorAssemblies (1ms)
				RefreshPlugins (1ms)
				BeforeProcessingInitializeOnLoad (94ms)
				ProcessInitializeOnLoadAttributes (292ms)
				ProcessInitializeOnLoadMethodAttributes (4ms)
				AfterProcessingInitializeOnLoad (2ms)
				EditorAssembliesLoaded (0ms)
			ExecutionOrderSort2 (0ms)
			AwakeInstancesAfterBackupRestoration (7ms)
Platform modules already initialized, skipping
Refreshing native plugins compatible for Editor in 1.20 ms, found 2 plugins.
Preloading 0 native plugins for Editor in 0.00 ms.
Unloading 1790 Unused Serialized files (Serialized files now loaded: 0)
System memory in use before: 178.1 MB.
System memory in use after: 178.2 MB.

Unloading 82 unused Assets to reduce memory usage. Loaded Objects now: 2312.
Total: 3.733700 ms (FindLiveObjects: 0.338300 ms CreateObjectMapping: 0.067800 ms MarkObjects: 3.083200 ms  DeleteObjects: 0.242900 ms)

AssetImportParameters requested are different than current active one (requested -> active):
  custom:framework-win-MediaFoundation: 216162199b28c13a410421893ffa2e32 -> 
  custom:video-decoder-ogg-theora: a1e56fd34408186e4bbccfd4996cb3dc -> 
  custom:container-muxer-webm: aa71ff27fc2769a1b78a27578f13a17b -> 
  custom:container-demuxer-webm: 4f35f7cbe854078d1ac9338744f61a02 -> 
  custom:container-demuxer-ogg: 62fdf1f143b41e24485cea50d1cbac27 -> 
  custom:video-encoder-webm-vp8: eb34c28f22e8b96e1ab97ce403110664 -> 
  custom:video-codec-MediaFoundation-h265: 746d11721c4dcdbdad8f713fa42b33f4 -> 
  custom:video-decoder-webm-vp8: 9c59270c3fd7afecdb556c50c9e8de78 -> 
  custom:audio-decoder-ogg-vorbis: bf7c407c2cedff20999df2af8eb42d56 -> 
  custom:audio-encoder-webm-vorbis: bf7c407c2cedff20999df2af8eb42d56 -> 
